<?xml version="1.0" encoding="UTF-8"?>
<!-- Generated by org.testng.reporters.JUnitXMLReporter -->
<testsuite ignored="0" hostname="GL3888-X0" failures="0" tests="6" name="Default test" time="9.755" errors="0" timestamp="2024-09-02T00:49:39 IST">
  <testcase classname="api.test.DataDrivenTests" name="testPostUser" time="2.345"/>
  <testcase classname="api.test.DataDrivenTests" name="testPostUser" time="1.41"/>
  <testcase classname="api.test.DataDrivenTests" name="testPostUser" time="1.446"/>
  <testcase classname="api.test.DataDrivenTests" name="testDeleteUserByUsername" time="1.271"/>
  <testcase classname="api.test.DataDrivenTests" name="testDeleteUserByUsername" time="1.329"/>
  <testcase classname="api.test.DataDrivenTests" name="testDeleteUserByUsername" time="1.136"/>
</testsuite> <!-- Default test -->
