<?xml version="1.0" encoding="UTF-8"?>
<!-- Generated by org.testng.reporters.JUnitXMLReporter -->
<testsuite ignored="0" hostname="GL3888-X0" failures="0" tests="4" name="Test" time="8.265" errors="0" timestamp="2024-09-02T03:56:01 IST">
  <testcase classname="api.test.UserTests" name="testPostUser" time="2.837"/>
  <testcase classname="api.test.UserTests" name="testGetUserByUserName" time="1.439"/>
  <testcase classname="api.test.UserTests" name="testUpdateUser" time="2.264"/>
  <testcase classname="api.test.UserTests" name="testDeleteUserByUserName" time="1.346"/>
</testsuite> <!-- Test -->
