<?xml version="1.0" encoding="UTF-8"?>
<testng-results ignored="0" total="4" passed="4" failed="0" skipped="0">
  <reporter-output>
  </reporter-output>
  <suite started-at="2024-09-02T03:55:53 IST" name="Suite" finished-at="2024-09-02T03:56:01 IST" duration-ms="8265">
    <groups>
    </groups>
    <test started-at="2024-09-02T03:55:53 IST" name="Test" finished-at="2024-09-02T03:56:01 IST" duration-ms="8265">
      <class name="api.test.UserTests">
        <test-method is-config="true" signature="setUp()[pri:0, instance:api.test.UserTests@7adda9cc]" started-at="2024-09-02T03:55:53 IST" name="setUp" finished-at="2024-09-02T03:55:53 IST" duration-ms="149" status="PASS">
          <reporter-output>
          </reporter-output>
        </test-method> <!-- setUp -->
        <test-method signature="testPostUser()[pri:1, instance:api.test.UserTests@7adda9cc]" started-at="2024-09-02T03:55:53 IST" name="testPostUser" finished-at="2024-09-02T03:55:56 IST" duration-ms="2837" status="PASS">
          <reporter-output>
          </reporter-output>
        </test-method> <!-- testPostUser -->
        <test-method signature="testGetUserByUserName()[pri:2, instance:api.test.UserTests@7adda9cc]" started-at="2024-09-02T03:55:56 IST" name="testGetUserByUserName" finished-at="2024-09-02T03:55:58 IST" duration-ms="1439" status="PASS">
          <reporter-output>
          </reporter-output>
        </test-method> <!-- testGetUserByUserName -->
        <test-method signature="testUpdateUser()[pri:3, instance:api.test.UserTests@7adda9cc]" started-at="2024-09-02T03:55:58 IST" name="testUpdateUser" finished-at="2024-09-02T03:56:00 IST" duration-ms="2264" status="PASS">
          <reporter-output>
          </reporter-output>
        </test-method> <!-- testUpdateUser -->
        <test-method signature="testDeleteUserByUserName()[pri:4, instance:api.test.UserTests@7adda9cc]" started-at="2024-09-02T03:56:00 IST" name="testDeleteUserByUserName" finished-at="2024-09-02T03:56:01 IST" duration-ms="1346" status="PASS">
          <reporter-output>
          </reporter-output>
        </test-method> <!-- testDeleteUserByUserName -->
      </class> <!-- api.test.UserTests -->
    </test> <!-- Test -->
  </suite> <!-- Suite -->
</testng-results>
